<?xml version="1.0" encoding="UTF-8"?>
<!-- Generated by org.testng.reporters.JUnitReportReporter -->
<testsuite hostname="DESKTOP-D2BOHSS" failures="0" tests="1" name="com.auto.testscripts.BaseTest" time="0.430" errors="0" timestamp="2021-06-03T21:39:22 IST" skipped="0">
  <testcase classname="com.auto.testscripts.BaseTest" name="testsele" time="0.430"/>
</testsuite> <!-- com.auto.testscripts.BaseTest -->
